<?xml version="1.0" encoding="UTF-8"?>
<!-- Generated by org.testng.reporters.JUnitReportReporter -->
<testsuite hostname="DESKTOP-2L9J5UN" name="generic_libraries.Property_File" tests="1" failures="0" timestamp="23 Aug 2019 07:54:05 GMT" time="0.085" errors="0">
  <testcase name="getData" time="0.085" classname="generic_libraries.Property_File"/>
</testsuite> <!-- generic_libraries.Property_File -->
