<?xml version="1.0" encoding="UTF-8"?>
<!-- Generated by org.testng.reporters.JUnitReportReporter -->
<testsuite hostname="DESKTOP-2L9J5UN" name="scripts.Property" tests="1" failures="0" timestamp="23 Aug 2019 08:04:37 GMT" time="0.053" errors="0">
  <testcase name="testLogin" time="0.053" classname="scripts.Property"/>
</testsuite> <!-- scripts.Property -->
