<?xml version="1.0" encoding="UTF-8"?>
<!-- Generated by org.testng.reporters.JUnitReportReporter -->
<testsuite hostname="DESKTOP-2L9J5UN" name="generic_libraries.Extent_Report" tests="1" failures="0" timestamp="26 Aug 2019 08:57:12 GMT" time="0.715" errors="0">
  <testcase name="test1" time="0.715" classname="generic_libraries.Extent_Report"/>
</testsuite> <!-- generic_libraries.Extent_Report -->
